# JRE version: OpenJDK Runtime Environment (8.0_352-b08) (build 1.8.0_352-b08)
# Java VM: OpenJDK 64-Bit Server VM (25.352-b08 mixed mode windows-amd64 compressed oops)
Heap:
 PSYoungGen      total 236032K, used 20125K [0x0000000715900000, 0x0000000725600000, 0x00000007c0000000)
  eden space 214528K, 9% used [0x0000000715900000,0x0000000716ca7760,0x0000000722a80000)
  from space 21504K, 0% used [0x0000000723f80000,0x0000000723f80000,0x0000000725480000)
  to   space 21504K, 0% used [0x0000000722a80000,0x0000000722a80000,0x0000000723f80000)
 ParOldGen       total 260608K, used 23978K [0x00000005c0a00000, 0x00000005d0880000, 0x0000000715900000)
  object space 260608K, 9% used [0x00000005c0a00000,0x00000005c216aa70,0x00000005d0880000)
 Metaspace       used 57386K, capacity 59724K, committed 60032K, reserved 1101824K
  class space    used 7725K, capacity 8196K, committed 8320K, reserved 1048576K
GC Heap History (18 events):
Event: 1.604 GC heap before
{Heap before GC invocations=1 (full 0):
 PSYoungGen      total 153088K, used 131584K [0x0000000715900000, 0x0000000720380000, 0x00000007c0000000)
  eden space 131584K, 100% used [0x0000000715900000,0x000000071d980000,0x000000071d980000)
  from space 21504K, 0% used [0x000000071ee80000,0x000000071ee80000,0x0000000720380000)
  to   space 21504K, 0% used [0x000000071d980000,0x000000071d980000,0x000000071ee80000)
 ParOldGen       total 349696K, used 0K [0x00000005c0a00000, 0x00000005d5f80000, 0x0000000715900000)
  object space 349696K, 0% used [0x00000005c0a00000,0x00000005c0a00000,0x00000005d5f80000)
 Metaspace       used 16768K, capacity 17230K, committed 17408K, reserved 1064960K
  class space    used 2064K, capacity 2178K, committed 2304K, reserved 1048576K
Event: 1.613 GC heap after
Heap after GC invocations=1 (full 0):
 PSYoungGen      total 153088K, used 12115K [0x0000000715900000, 0x0000000720380000, 0x00000007c0000000)
  eden space 131584K, 0% used [0x0000000715900000,0x0000000715900000,0x000000071d980000)
  from space 21504K, 56% used [0x000000071d980000,0x000000071e554cb8,0x000000071ee80000)
  to   space 21504K, 0% used [0x000000071ee80000,0x000000071ee80000,0x0000000720380000)
 ParOldGen       total 349696K, used 16K [0x00000005c0a00000, 0x00000005d5f80000, 0x0000000715900000)
  object space 349696K, 0% used [0x00000005c0a00000,0x00000005c0a04000,0x00000005d5f80000)
 Metaspace       used 16768K, capacity 17230K, committed 17408K, reserved 1064960K
  class space    used 2064K, capacity 2178K, committed 2304K, reserved 1048576K
}
Event: 1.777 GC heap before
{Heap before GC invocations=2 (full 0):
 PSYoungGen      total 153088K, used 55307K [0x0000000715900000, 0x0000000720380000, 0x00000007c0000000)
  eden space 131584K, 32% used [0x0000000715900000,0x000000071832e318,0x000000071d980000)
  from space 21504K, 56% used [0x000000071d980000,0x000000071e554cb8,0x000000071ee80000)
  to   space 21504K, 0% used [0x000000071ee80000,0x000000071ee80000,0x0000000720380000)
 ParOldGen       total 349696K, used 16K [0x00000005c0a00000, 0x00000005d5f80000, 0x0000000715900000)
  object space 349696K, 0% used [0x00000005c0a00000,0x00000005c0a04000,0x00000005d5f80000)
 Metaspace       used 20665K, capacity 21178K, committed 21296K, reserved 1069056K
  class space    used 2533K, capacity 2682K, committed 2688K, reserved 1048576K
Event: 1.784 GC heap after
Heap after GC invocations=2 (full 0):
 PSYoungGen      total 153088K, used 8408K [0x0000000715900000, 0x0000000720380000, 0x00000007c0000000)
  eden space 131584K, 0% used [0x0000000715900000,0x0000000715900000,0x000000071d980000)
  from space 21504K, 39% used [0x000000071ee80000,0x000000071f6b6080,0x0000000720380000)
  to   space 21504K, 0% used [0x000000071d980000,0x000000071d980000,0x000000071ee80000)
 ParOldGen       total 349696K, used 24K [0x00000005c0a00000, 0x00000005d5f80000, 0x0000000715900000)
  object space 349696K, 0% used [0x00000005c0a00000,0x00000005c0a06000,0x00000005d5f80000)
 Metaspace       used 20665K, capacity 21178K, committed 21296K, reserved 1069056K
  class space    used 2533K, capacity 2682K, committed 2688K, reserved 1048576K
}
Event: 1.784 GC heap before
{Heap before GC invocations=3 (full 1):
 PSYoungGen      total 153088K, used 8408K [0x0000000715900000, 0x0000000720380000, 0x00000007c0000000)
  eden space 131584K, 0% used [0x0000000715900000,0x0000000715900000,0x000000071d980000)
  from space 21504K, 39% used [0x000000071ee80000,0x000000071f6b6080,0x0000000720380000)
  to   space 21504K, 0% used [0x000000071d980000,0x000000071d980000,0x000000071ee80000)
 ParOldGen       total 349696K, used 24K [0x00000005c0a00000, 0x00000005d5f80000, 0x0000000715900000)
  object space 349696K, 0% used [0x00000005c0a00000,0x00000005c0a06000,0x00000005d5f80000)
 Metaspace       used 20665K, capacity 21178K, committed 21296K, reserved 1069056K
  class space    used 2533K, capacity 2682K, committed 2688K, reserved 1048576K
Event: 1.804 GC heap after
Heap after GC invocations=3 (full 1):
 PSYoungGen      total 153088K, used 0K [0x0000000715900000, 0x0000000720380000, 0x00000007c0000000)
  eden space 131584K, 0% used [0x0000000715900000,0x0000000715900000,0x000000071d980000)
  from space 21504K, 0% used [0x000000071ee80000,0x000000071ee80000,0x0000000720380000)
  to   space 21504K, 0% used [0x000000071d980000,0x000000071d980000,0x000000071ee80000)
 ParOldGen       total 179712K, used 7996K [0x00000005c0a00000, 0x00000005cb980000, 0x0000000715900000)
  object space 179712K, 4% used [0x00000005c0a00000,0x00000005c11cf2e0,0x00000005cb980000)
 Metaspace       used 20663K, capacity 21172K, committed 21296K, reserved 1069056K
  class space    used 2533K, capacity 2681K, committed 2688K, reserved 1048576K
}
Event: 2.896 GC heap before
{Heap before GC invocations=4 (full 1):
 PSYoungGen      total 153088K, used 131584K [0x0000000715900000, 0x0000000720380000, 0x00000007c0000000)
  eden space 131584K, 100% used [0x0000000715900000,0x000000071d980000,0x000000071d980000)
  from space 21504K, 0% used [0x000000071ee80000,0x000000071ee80000,0x0000000720380000)
  to   space 21504K, 0% used [0x000000071d980000,0x000000071d980000,0x000000071ee80000)
 ParOldGen       total 179712K, used 7996K [0x00000005c0a00000, 0x00000005cb980000, 0x0000000715900000)
  object space 179712K, 4% used [0x00000005c0a00000,0x00000005c11cf2e0,0x00000005cb980000)
 Metaspace       used 28185K, capacity 29272K, committed 29440K, reserved 1075200K
  class space    used 3517K, capacity 3748K, committed 3840K, reserved 1048576K
Event: 2.901 GC heap after
Heap after GC invocations=4 (full 1):
 PSYoungGen      total 153088K, used 10833K [0x0000000715900000, 0x0000000725480000, 0x00000007c0000000)
  eden space 131584K, 0% used [0x0000000715900000,0x0000000715900000,0x000000071d980000)
  from space 21504K, 50% used [0x000000071d980000,0x000000071e4145e8,0x000000071ee80000)
  to   space 21504K, 0% used [0x0000000723f80000,0x0000000723f80000,0x0000000725480000)
 ParOldGen       total 179712K, used 8004K [0x00000005c0a00000, 0x00000005cb980000, 0x0000000715900000)
  object space 179712K, 4% used [0x00000005c0a00000,0x00000005c11d12e0,0x00000005cb980000)
 Metaspace       used 28185K, capacity 29272K, committed 29440K, reserved 1075200K
  class space    used 3517K, capacity 3748K, committed 3840K, reserved 1048576K
}
Event: 5.056 GC heap before
{Heap before GC invocations=5 (full 1):
 PSYoungGen      total 153088K, used 94751K [0x0000000715900000, 0x0000000725480000, 0x00000007c0000000)
  eden space 131584K, 63% used [0x0000000715900000,0x000000071aaf3638,0x000000071d980000)
  from space 21504K, 50% used [0x000000071d980000,0x000000071e4145e8,0x000000071ee80000)
  to   space 21504K, 0% used [0x0000000723f80000,0x0000000723f80000,0x0000000725480000)
 ParOldGen       total 179712K, used 8004K [0x00000005c0a00000, 0x00000005cb980000, 0x0000000715900000)
  object space 179712K, 4% used [0x00000005c0a00000,0x00000005c11d12e0,0x00000005cb980000)
 Metaspace       used 34137K, capacity 35402K, committed 35496K, reserved 1081344K
  class space    used 4256K, capacity 4577K, committed 4608K, reserved 1048576K
Event: 5.103 GC heap after
Heap after GC invocations=5 (full 1):
 PSYoungGen      total 236032K, used 11444K [0x0000000715900000, 0x0000000725600000, 0x00000007c0000000)
  eden space 214528K, 0% used [0x0000000715900000,0x0000000715900000,0x0000000722a80000)
  from space 21504K, 53% used [0x0000000723f80000,0x0000000724aad070,0x0000000725480000)
  to   space 21504K, 0% used [0x0000000722a80000,0x0000000722a80000,0x0000000723f80000)
 ParOldGen       total 179712K, used 8012K [0x00000005c0a00000, 0x00000005cb980000, 0x0000000715900000)
  object space 179712K, 4% used [0x00000005c0a00000,0x00000005c11d32e0,0x00000005cb980000)
 Metaspace       used 34137K, capacity 35402K, committed 35496K, reserved 1081344K
  class space    used 4256K, capacity 4577K, committed 4608K, reserved 1048576K
}
Event: 5.103 GC heap before
{Heap before GC invocations=6 (full 2):
 PSYoungGen      total 236032K, used 11444K [0x0000000715900000, 0x0000000725600000, 0x00000007c0000000)
  eden space 214528K, 0% used [0x0000000715900000,0x0000000715900000,0x0000000722a80000)
  from space 21504K, 53% used [0x0000000723f80000,0x0000000724aad070,0x0000000725480000)
  to   space 21504K, 0% used [0x0000000722a80000,0x0000000722a80000,0x0000000723f80000)
 ParOldGen       total 179712K, used 8012K [0x00000005c0a00000, 0x00000005cb980000, 0x0000000715900000)
  object space 179712K, 4% used [0x00000005c0a00000,0x00000005c11d32e0,0x00000005cb980000)
 Metaspace       used 34137K, capacity 35402K, committed 35496K, reserved 1081344K
  class space    used 4256K, capacity 4577K, committed 4608K, reserved 1048576K
Event: 5.160 GC heap after
Heap after GC invocations=6 (full 2):
 PSYoungGen      total 236032K, used 0K [0x0000000715900000, 0x0000000725600000, 0x00000007c0000000)
  eden space 214528K, 0% used [0x0000000715900000,0x0000000715900000,0x0000000722a80000)
  from space 21504K, 0% used [0x0000000723f80000,0x0000000723f80000,0x0000000725480000)
  to   space 21504K, 0% used [0x0000000722a80000,0x0000000722a80000,0x0000000723f80000)
 ParOldGen       total 260608K, used 15667K [0x00000005c0a00000, 0x00000005d0880000, 0x0000000715900000)
  object space 260608K, 6% used [0x00000005c0a00000,0x00000005c194ccf0,0x00000005d0880000)
 Metaspace       used 34137K, capacity 35402K, committed 35496K, reserved 1081344K
  class space    used 4256K, capacity 4577K, committed 4608K, reserved 1048576K
}
Event: 7.889 GC heap before
{Heap before GC invocations=7 (full 2):
 PSYoungGen      total 236032K, used 214528K [0x0000000715900000, 0x0000000725600000, 0x00000007c0000000)
  eden space 214528K, 100% used [0x0000000715900000,0x0000000722a80000,0x0000000722a80000)
  from space 21504K, 0% used [0x0000000723f80000,0x0000000723f80000,0x0000000725480000)
  to   space 21504K, 0% used [0x0000000722a80000,0x0000000722a80000,0x0000000723f80000)
 ParOldGen       total 260608K, used 15667K [0x00000005c0a00000, 0x00000005d0880000, 0x0000000715900000)
  object space 260608K, 6% used [0x00000005c0a00000,0x00000005c194ccf0,0x00000005d0880000)
 Metaspace       used 55242K, capacity 57592K, committed 57856K, reserved 1099776K
  class space    used 7458K, capacity 7924K, committed 7936K, reserved 1048576K
Event: 7.904 GC heap after
Heap after GC invocations=7 (full 2):
 PSYoungGen      total 236032K, used 21503K [0x0000000715900000, 0x0000000725600000, 0x00000007c0000000)
  eden space 214528K, 0% used [0x0000000715900000,0x0000000715900000,0x0000000722a80000)
  from space 21504K, 99% used [0x0000000722a80000,0x0000000723f7ff50,0x0000000723f80000)
  to   space 21504K, 0% used [0x0000000723f80000,0x0000000723f80000,0x0000000725480000)
 ParOldGen       total 260608K, used 20037K [0x00000005c0a00000, 0x00000005d0880000, 0x0000000715900000)
  object space 260608K, 7% used [0x00000005c0a00000,0x00000005c1d914d8,0x00000005d0880000)
 Metaspace       used 55242K, capacity 57592K, committed 57856K, reserved 1099776K
  class space    used 7458K, capacity 7924K, committed 7936K, reserved 1048576K
}
Event: 8.190 GC heap before
{Heap before GC invocations=8 (full 2):
 PSYoungGen      total 236032K, used 47444K [0x0000000715900000, 0x0000000725600000, 0x00000007c0000000)
  eden space 214528K, 12% used [0x0000000715900000,0x00000007172551b0,0x0000000722a80000)
  from space 21504K, 99% used [0x0000000722a80000,0x0000000723f7ff50,0x0000000723f80000)
  to   space 21504K, 0% used [0x0000000723f80000,0x0000000723f80000,0x0000000725480000)
 ParOldGen       total 260608K, used 20037K [0x00000005c0a00000, 0x00000005d0880000, 0x0000000715900000)
  object space 260608K, 7% used [0x00000005c0a00000,0x00000005c1d914d8,0x00000005d0880000)
 Metaspace       used 56754K, capacity 59092K, committed 59160K, reserved 1099776K
  class space    used 7603K, capacity 8030K, committed 8064K, reserved 1048576K
Event: 8.198 GC heap after
Heap after GC invocations=8 (full 2):
 PSYoungGen      total 236032K, used 12357K [0x0000000715900000, 0x0000000725600000, 0x00000007c0000000)
  eden space 214528K, 0% used [0x0000000715900000,0x0000000715900000,0x0000000722a80000)
  from space 21504K, 57% used [0x0000000723f80000,0x0000000724b917f0,0x0000000725480000)
  to   space 21504K, 0% used [0x0000000722a80000,0x0000000722a80000,0x0000000723f80000)
 ParOldGen       total 260608K, used 20045K [0x00000005c0a00000, 0x00000005d0880000, 0x0000000715900000)
  object space 260608K, 7% used [0x00000005c0a00000,0x00000005c1d934d8,0x00000005d0880000)
 Metaspace       used 56754K, capacity 59092K, committed 59160K, reserved 1099776K
  class space    used 7603K, capacity 8030K, committed 8064K, reserved 1048576K
}
Event: 8.198 GC heap before
{Heap before GC invocations=9 (full 3):
 PSYoungGen      total 236032K, used 12357K [0x0000000715900000, 0x0000000725600000, 0x00000007c0000000)
  eden space 214528K, 0% used [0x0000000715900000,0x0000000715900000,0x0000000722a80000)
  from space 21504K, 57% used [0x0000000723f80000,0x0000000724b917f0,0x0000000725480000)
  to   space 21504K, 0% used [0x0000000722a80000,0x0000000722a80000,0x0000000723f80000)
 ParOldGen       total 260608K, used 20045K [0x00000005c0a00000, 0x00000005d0880000, 0x0000000715900000)
  object space 260608K, 7% used [0x00000005c0a00000,0x00000005c1d934d8,0x00000005d0880000)
 Metaspace       used 56754K, capacity 59092K, committed 59160K, reserved 1099776K
  class space    used 7603K, capacity 8030K, committed 8064K, reserved 1048576K
Event: 8.338 GC heap after
Heap after GC invocations=9 (full 3):
 PSYoungGen      total 236032K, used 0K [0x0000000715900000, 0x0000000725600000, 0x00000007c0000000)
  eden space 214528K, 0% used [0x0000000715900000,0x0000000715900000,0x0000000722a80000)
  from space 21504K, 0% used [0x0000000723f80000,0x0000000723f80000,0x0000000725480000)
  to   space 21504K, 0% used [0x0000000722a80000,0x0000000722a80000,0x0000000723f80000)
 ParOldGen       total 260608K, used 23978K [0x00000005c0a00000, 0x00000005d0880000, 0x0000000715900000)
  object space 260608K, 9% used [0x00000005c0a00000,0x00000005c216aa70,0x00000005d0880000)
 Metaspace       used 56754K, capacity 59092K, committed 59160K, reserved 1099776K
  class space    used 7603K, capacity 8030K, committed 8064K, reserved 1048576K
}

